New log file opened at Wed Jun 29 12:19:15 NPT 2016 by 3597@rajan
Taking next connection to: 37646
New client attempting to connect on port: 48020-37646
  Address = /127.0.1.1:37646
This client on port 48020 has uuid 7066d5f6-eaa5-4c42-97b9-94d8821a74c1 configName activator humanReadableName Activator protocolVersion 3 featureTags Vector()
Connected Clients: activator-7066d5f6-eaa5-4c42-97b9-94d8821a74c1
Taking next connection to: 37646
New client attempting to connect on port: 48022-37646
  Address = /127.0.1.1:37646
Handshake exception on socket: 48022
sbt.impl.ipc.HandshakeException: Unable to perform handshake
	at sbt.impl.ipc.Peer.handshake(IPC.scala:46)
	at sbt.impl.ipc.MultiClientServer.<init>(IPC.scala:150)
	at sbt.server.SbtServerSocketHandler$$anon$1.run(SbtServerSocketHandler.scala:43)
Caused by: java.io.EOFException
	at java.io.DataInputStream.readInt(DataInputStream.java:392)
	at sbt.impl.ipc.Peer.receive(IPC.scala:95)
	at sbt.impl.ipc.Peer.handshake(IPC.scala:49)
	... 2 more
Taking next connection to: 37646
New client attempting to connect on port: 48024-37646
  Address = /127.0.1.1:37646
This client on port 48024 has uuid 262f6285-9d63-489d-959e-ab9eb4b5127f configName activator humanReadableName Activator protocolVersion 3 featureTags Vector()
Connected Clients: activator-7066d5f6-eaa5-4c42-97b9-94d8821a74c1, activator-262f6285-9d63-489d-959e-ab9eb4b5127f
Taking next connection to: 37646
New client attempting to connect on port: 48030-37646
  Address = /127.0.1.1:37646
Handshake exception on socket: 48030
sbt.impl.ipc.HandshakeException: Unable to perform handshake
	at sbt.impl.ipc.Peer.handshake(IPC.scala:46)
	at sbt.impl.ipc.MultiClientServer.<init>(IPC.scala:150)
	at sbt.server.SbtServerSocketHandler$$anon$1.run(SbtServerSocketHandler.scala:43)
Caused by: java.io.EOFException
	at java.io.DataInputStream.readInt(DataInputStream.java:392)
	at sbt.impl.ipc.Peer.receive(IPC.scala:95)
	at sbt.impl.ipc.Peer.handshake(IPC.scala:49)
	... 2 more
Taking next connection to: 37646
New client attempting to connect on port: 48032-37646
  Address = /127.0.1.1:37646
This client on port 48032 has uuid e2a97f73-5edd-4a16-9737-9477411f3781 configName play-fork-run humanReadableName Play Fork Run protocolVersion 1 featureTags Vector()
Connected Clients: activator-262f6285-9d63-489d-959e-ab9eb4b5127f, play-fork-run-e2a97f73-5edd-4a16-9737-9477411f3781
Taking next connection to: 37646
Checking to see if clients are empty...
We have 1 non-daemon clients, continuing serving connections.
Taking next connection to: 37646
Checking to see if clients are empty...
We have 1 non-daemon clients, continuing serving connections.
Taking next connection to: 37646
Checking to see if clients are empty...
We have 1 non-daemon clients, continuing serving connections.
Taking next connection to: 37646
New client attempting to connect on port: 48530-37646
  Address = /127.0.1.1:37646
Handshake exception on socket: 48530
sbt.impl.ipc.HandshakeException: Unable to perform handshake
	at sbt.impl.ipc.Peer.handshake(IPC.scala:46)
	at sbt.impl.ipc.MultiClientServer.<init>(IPC.scala:150)
	at sbt.server.SbtServerSocketHandler$$anon$1.run(SbtServerSocketHandler.scala:43)
Caused by: java.io.EOFException
	at java.io.DataInputStream.readInt(DataInputStream.java:392)
	at sbt.impl.ipc.Peer.receive(IPC.scala:95)
	at sbt.impl.ipc.Peer.handshake(IPC.scala:49)
	... 2 more
Taking next connection to: 37646
New client attempting to connect on port: 48532-37646
  Address = /127.0.1.1:37646
This client on port 48532 has uuid 4e9c9059-997f-4f64-90cd-8bc58874a244 configName play-fork-run humanReadableName Play Fork Run protocolVersion 1 featureTags Vector()
Connected Clients: activator-262f6285-9d63-489d-959e-ab9eb4b5127f, play-fork-run-4e9c9059-997f-4f64-90cd-8bc58874a244
Taking next connection to: 37646
Checking to see if clients are empty...
We have 1 non-daemon clients, continuing serving connections.
Taking next connection to: 37646
Checking to see if clients are empty...
We have 1 non-daemon clients, continuing serving connections.
Taking next connection to: 37646
Checking to see if clients are empty...
We have 1 non-daemon clients, continuing serving connections.
Taking next connection to: 37646
Checking to see if clients are empty...
We have 1 non-daemon clients, continuing serving connections.
Taking next connection to: 37646
Checking to see if clients are empty...
We have 1 non-daemon clients, continuing serving connections.
Taking next connection to: 37646
Checking to see if clients are empty...
We have 1 non-daemon clients, continuing serving connections.
Taking next connection to: 37646
Checking to see if clients are empty...
We have 1 non-daemon clients, continuing serving connections.
Taking next connection to: 37646
Checking to see if clients are empty...
We have 1 non-daemon clients, continuing serving connections.
Taking next connection to: 37646
Checking to see if clients are empty...
We have 1 non-daemon clients, continuing serving connections.
Taking next connection to: 37646
Checking to see if clients are empty...
We have 1 non-daemon clients, continuing serving connections.
Taking next connection to: 37646
Checking to see if clients are empty...
We have 1 non-daemon clients, continuing serving connections.
Taking next connection to: 37646
Checking to see if clients are empty...
We have 1 non-daemon clients, continuing serving connections.
Taking next connection to: 37646
Checking to see if clients are empty...
We have 1 non-daemon clients, continuing serving connections.
Taking next connection to: 37646
